  3360  20106 151149 h2o000.gro
  3360  20106 151149 h2o005.gro
  3360  20094 151149 h2o010.gro
  3360  20085 151149 h2o015.gro
  3360  20076 151149 h2o020.gro
  3360  20070 151149 h2o025.gro
  3360  20070 151149 h2o030.gro
  3360  20061 151150 h2o035.gro
  3360  20055 151156 h2o040.gro
  3360  20055 151162 h2o045.gro
  3360  20049 151165 h2o050.gro
  3360  20106 151149 h2o000.gro
  3360  20106 151149 h2o005.gro
  3360  20094 151149 h2o010.gro
  3360  20085 151149 h2o015.gro
  3360  20076 151149 h2o020.gro
  3360  20070 151149 h2o025.gro
  3360  20070 151149 h2o030.gro
  3360  20061 151150 h2o035.gro
  3360  20055 151156 h2o040.gro
  3360  20055 151162 h2o045.gro
  3360  20049 151165 h2o050.gro
